<?xml version="1.0" encoding="UTF-8"?>
<!-- Generated by org.testng.reporters.JUnitReportReporter -->
<testsuite hostname="GGNHCMSLTP246" name="testCases.SS_Header_Public_Verify_MiniCart_Functionality" tests="1" failures="0" timestamp="16 Jan 2017 08:30:04 GMT" time="62.861" errors="0">
  <testcase name="main" time="62.861" classname="testCases.SS_Header_Public_Verify_MiniCart_Functionality"/>
</testsuite> <!-- testCases.SS_Header_Public_Verify_MiniCart_Functionality -->
